<?xml version="1.0" encoding="UTF-8"?>
<testsuite xmlns:xsi="http://www.w3.org/2001/XMLSchema-instance" xsi:noNamespaceSchemaLocation="https://maven.apache.org/surefire/maven-surefire-plugin/xsd/surefire-test-report-3.0.xsd" version="3.0" name="com.example.harboureats.HarbourEatsApplicationTests" time="5.91" tests="1" errors="0" skipped="0" failures="0">
  <properties>
[...]
</properties>
  <testcase name="contextLoads" classname="com.example.harboureats.HarbourEatsApplicationTests" time="1.472">
    <system-out><![CDATA[18:19:47.262 [main] INFO org.springframework.test.context.support.AnnotationConfigContextLoaderUtils -- Could not detect default configuration classes for test class [com.example.harboureats.HarbourEatsApplicationTests]: HarbourEatsApplicationTests does not declare any static, non-private, non-final, nested classes annotated with @Configuration.
18:19:47.477 [main] INFO org.springframework.boot.test.context.SpringBootTestContextBootstrapper -- Found @SpringBootConfiguration com.example.harboureats.HarbourEatsApplication for test class com.example.harboureats.HarbourEatsApplicationTests
18:19:47.803 [main] INFO org.springframework.boot.devtools.restart.RestartApplicationListener -- Restart disabled due to context in which it is running

  .   ____          _            __ _ _
 /\\ / ___'_ __ _ _(_)_ __  __ _ \ \ \ \
( ( )\___ | '_ | '_| | '_ \/ _` | \ \ \ \
 \\/  ___)| |_)| | | | | || (_| |  ) ) ) )
  '  |____| .__|_| |_|_| |_\__, | / / / /
 =========|_|==============|___/=/_/_/_/
 :: Spring Boot ::                (v3.2.2)

2024-02-12T18:19:48.179+01:00  INFO 6960 --- [           main] c.e.h.HarbourEatsApplicationTests        : Starting HarbourEatsApplicationTests using Java 21.0.2 with PID 6960 (started by abuzar in C:\Users\abuza\IdeaProjects\HarbourEats)
2024-02-12T18:19:48.180+01:00  INFO 6960 --- [           main] c.e.h.HarbourEatsApplicationTests        : No active profile set, falling back to 1 default profile: "default"
2024-02-12T18:19:50.074+01:00  WARN 6960 --- [           main] trationDelegate$BeanPostProcessorChecker : Bean 'org.springframework.ws.config.annotation.DelegatingWsConfiguration' of type [org.springframework.ws.config.annotation.DelegatingWsConfiguration$$SpringCGLIB$$0] is not eligible for getting processed by all BeanPostProcessors (for example: not eligible for auto-proxying). The currently created BeanPostProcessor [annotationActionEndpointMapping] is declared through a non-static factory method on that class; consider declaring it as static instead.
2024-02-12T18:19:50.158+01:00  INFO 6960 --- [           main] .w.s.a.s.AnnotationActionEndpointMapping : Supporting [WS-Addressing August 2004, WS-Addressing 1.0]
2024-02-12T18:19:51.332+01:00  INFO 6960 --- [           main] c.e.h.HarbourEatsApplicationTests        : Started HarbourEatsApplicationTests in 3.563 seconds (process running for 5.666)
]]></system-out>
    <system-err><![CDATA[WARNING: A Java agent has been loaded dynamically (C:\Users\abuza\.m2\repository\net\bytebuddy\byte-buddy-agent\1.14.11\byte-buddy-agent-1.14.11.jar)
WARNING: If a serviceability tool is in use, please run with -XX:+EnableDynamicAgentLoading to hide this warning
WARNING: If a serviceability tool is not in use, please run with -Djdk.instrument.traceUsage for more information
WARNING: Dynamic loading of agents will be disallowed by default in a future release
]]></system-err>
  </testcase>
</testsuite>